-------------------------------------------------------------------------------
Test set: com.layla.ui.SceneRouterSmokeTest
-------------------------------------------------------------------------------
Tests run: 6, Failures: 1, Errors: 0, Skipped: 0, Time elapsed: 22.13 s <<< FAILURE! -- in com.layla.ui.SceneRouterSmokeTest
com.layla.ui.SceneRouterSmokeTest.pause_overlay_resume_and_back_to_menu(FxRobot) -- Time elapsed: 12.26 s <<< FAILURE!
org.opentest4j.AssertionFailedError: Timeout esperando nodo: #healthLabel
	at org.junit.jupiter.api.AssertionUtils.fail(AssertionUtils.java:42)
	at org.junit.jupiter.api.Assertions.fail(Assertions.java:150)
	at com.layla.ui.SceneRouterSmokeTest.waitForNode(SceneRouterSmokeTest.java:65)
	at com.layla.ui.SceneRouterSmokeTest.pause_overlay_resume_and_back_to_menu(SceneRouterSmokeTest.java:234)
	at java.base/java.lang.reflect.Method.invoke(Method.java:580)
	at java.base/java.util.ArrayList.forEach(ArrayList.java:1596)
	at java.base/java.util.ArrayList.forEach(ArrayList.java:1596)
Caused by: java.util.concurrent.TimeoutException
	at org.testfx.util.WaitForAsyncUtils.waitFor(WaitForAsyncUtils.java:325)
	at com.layla.ui.SceneRouterSmokeTest.waitForNode(SceneRouterSmokeTest.java:62)
	... 4 more

