<?xml version="1.0" encoding="UTF-8"?>
<testsuite xmlns:xsi="http://www.w3.org/2001/XMLSchema-instance" xsi:noNamespaceSchemaLocation="https://maven.apache.org/surefire/maven-surefire-plugin/xsd/surefire-test-report-3.0.xsd" version="3.0" name="com.layla.ui.GameSmokeTest" time="0.614" tests="3" errors="0" skipped="0" failures="0">
  <properties>
[...]
</properties>
  <testcase name="gameLoopStartsAndStopsSafely" classname="com.layla.ui.GameSmokeTest" time="0.308"/>
  <testcase name="gameControllerInitializesHUDAndPause" classname="com.layla.ui.GameSmokeTest" time="0.183">
    <system-out><![CDATA[[GameController] onEnter()
[GameController] signalGameStart(): gameplay started
[GameController] Focus requested for gameArea
[GameController] onPausePressed() called
[GameController] Pause overlay shown
[GameController] Resume via ESC/Resume button
[GameController] GameLoop ya estaba parado o null
[GameController] GameLoop.start() tras Resume; running=true
]]></system-out>
  </testcase>
  <testcase name="multipleStartsAreIdempotent" classname="com.layla.ui.GameSmokeTest" time="0.002"/>
</testsuite>