<?xml version="1.0" encoding="UTF-8"?>
<testsuite xmlns:xsi="http://www.w3.org/2001/XMLSchema-instance" xsi:noNamespaceSchemaLocation="https://maven.apache.org/surefire/maven-surefire-plugin/xsd/surefire-test-report-3.0.xsd" version="3.0" name="com.layla.ui.SceneRouterSmokeTest" time="6.726" tests="6" errors="0" skipped="1" failures="0">
  <properties>
[...]
</properties>
  <testcase name="mainMenu_loads_buttons_visible_and_styles(FxRobot)" classname="com.layla.ui.SceneRouterSmokeTest" time="1.753">
    <system-out><![CDATA[[SceneRouter] Attempting to load: ui/loading.fxml
[LoadingController] Initializing loading screen
[LoadingController] Submitting load task to executor
[AssetsManager] Starting asset loading task
[AssetsManager] Reading manifest.json...
[SceneRouter] Applied /ui/styles/global.css
[SceneRouter] Applied /ui/styles/menu.css
[SceneRouter] Scene stylesheets now: [file:/C:/Users/theca/Documents/DAM/Proyecto/The-Binding-Of-Layla/target/classes/ui/styles/global.css, file:/C:/Users/theca/Documents/DAM/Proyecto/The-Binding-Of-Layla/target/classes/ui/styles/menu.css]
[AssetsManager] Cached image: images/sample.png
[AssetsManager] Cached sound: sounds/sample.mp3
[AssetsManager] Shutting down executor
[SceneRouter] Scene set and displayed: ui/loading.fxml
[LoadingController] Task message: All assets loaded.
[LoadingController] Progress updated: 100%
[LoadingController] Assets loaded successfully
[AssetsManager] Executor already shut down
[SceneRouter] Attempting to load: ui/main_menu.fxml
[MainMenu] initialize()
[MainMenu] Custom font loaded successfully
[AssetsManager] Playing music: menu.mp3 (loop=true)
[SceneRouter] Applied /ui/styles/global.css
[SceneRouter] Applied /ui/styles/menu.css
[SceneRouter] Scene stylesheets now: [file:/C:/Users/theca/Documents/DAM/Proyecto/The-Binding-Of-Layla/target/classes/ui/styles/global.css, file:/C:/Users/theca/Documents/DAM/Proyecto/The-Binding-Of-Layla/target/classes/ui/styles/menu.css]
[SceneRouter] Scene set and displayed: ui/main_menu.fxml
[LoadingController] Transitioning to main menu
[SceneRouter] Attempting to load (fade): ui/main_menu.fxml
[MainMenu] initialize()
[MainMenu] Custom font loaded successfully
[AssetsManager] Music stopped
[AssetsManager] Playing music: menu.mp3 (loop=true)
[SceneRouter] Applied /ui/styles/global.css
[SceneRouter] Applied /ui/styles/menu.css
[SceneRouter] Scene stylesheets now: [file:/C:/Users/theca/Documents/DAM/Proyecto/The-Binding-Of-Layla/target/classes/ui/styles/global.css, file:/C:/Users/theca/Documents/DAM/Proyecto/The-Binding-Of-Layla/target/classes/ui/styles/menu.css]
[SceneRouter] Scene set with fade: ui/main_menu.fxml
[MainMenu] Background video setup complete
[MainMenu] Background video ready → play()
[MainMenu] Background video setup complete
]]></system-out>
    <system-err><![CDATA[Nov 02, 2025 3:25:55 PM com.sun.javafx.application.PlatformImpl startup
WARNING: Unsupported JavaFX configuration: classes were loaded from 'unnamed module @553a3d88'
]]></system-err>
  </testcase>
  <testcase name="options_overlay_opens_and_closes(FxRobot)" classname="com.layla.ui.SceneRouterSmokeTest" time="1.475">
    <system-out><![CDATA[[SceneRouter] Attempting to load: ui/loading.fxml
[LoadingController] Initializing loading screen
[LoadingController] Submitting load task to executor
[AssetsManager] Starting asset loading task
[AssetsManager] Reading manifest.json...
[SceneRouter] Applied /ui/styles/global.css
[SceneRouter] Applied /ui/styles/menu.css
[SceneRouter] Scene stylesheets now: [file:/C:/Users/theca/Documents/DAM/Proyecto/The-Binding-Of-Layla/target/classes/ui/styles/global.css, file:/C:/Users/theca/Documents/DAM/Proyecto/The-Binding-Of-Layla/target/classes/ui/styles/menu.css]
[AssetsManager] Shutting down executor
[SceneRouter] Scene set and displayed: ui/loading.fxml
[LoadingController] Task message: All assets loaded.
[LoadingController] Progress updated: 100%
[LoadingController] Assets loaded successfully
[AssetsManager] Executor already shut down
[SceneRouter] Attempting to load: ui/main_menu.fxml
[MainMenu] initialize()
[MainMenu] Custom font loaded successfully
[AssetsManager] Music stopped
[AssetsManager] Playing music: menu.mp3 (loop=true)
[SceneRouter] Applied /ui/styles/global.css
[SceneRouter] Applied /ui/styles/menu.css
[SceneRouter] Scene stylesheets now: [file:/C:/Users/theca/Documents/DAM/Proyecto/The-Binding-Of-Layla/target/classes/ui/styles/global.css, file:/C:/Users/theca/Documents/DAM/Proyecto/The-Binding-Of-Layla/target/classes/ui/styles/menu.css]
[SceneRouter] Scene set and displayed: ui/main_menu.fxml
[MainMenu] Background video ready → play()
[MainMenu] Background video setup complete
[MainMenu] Background video setup complete
[MainMenu] Background video ready → play()
[LoadingController] Transitioning to main menu
[SceneRouter] Attempting to load (fade): ui/main_menu.fxml
[MainMenu] initialize()
[MainMenu] Custom font loaded successfully
[AssetsManager] Music stopped
[AssetsManager] Playing music: menu.mp3 (loop=true)
[SceneRouter] Applied /ui/styles/global.css
[SceneRouter] Applied /ui/styles/menu.css
[SceneRouter] Scene stylesheets now: [file:/C:/Users/theca/Documents/DAM/Proyecto/The-Binding-Of-Layla/target/classes/ui/styles/global.css, file:/C:/Users/theca/Documents/DAM/Proyecto/The-Binding-Of-Layla/target/classes/ui/styles/menu.css]
[SceneRouter] Scene set with fade: ui/main_menu.fxml
[MainMenu] Background video setup complete
[MainMenu] Background video setup complete
[MainMenu] Background video ready → play()
]]></system-out>
    <system-err><![CDATA[[MainMenu] MediaPlayer ERROR: [com.sun.media.jfxmediaimpl.platform.gstreamer.GSTMediaPlayer@3a720558] ERROR_MEDIA_INVALID: ERROR_MEDIA_INVALID
[MainMenu] MediaPlayer ERROR: [com.sun.media.jfxmediaimpl.platform.gstreamer.GSTMediaPlayer@603577d7] ERROR_MEDIA_INVALID: ERROR_MEDIA_INVALID
]]></system-err>
  </testcase>
  <testcase name="play_changes_scene_and_keeps_size(FxRobot)" classname="com.layla.ui.SceneRouterSmokeTest" time="1.461">
    <system-out><![CDATA[[SceneRouter] Attempting to load: ui/loading.fxml
[LoadingController] Initializing loading screen
[LoadingController] Submitting load task to executor
[AssetsManager] Starting asset loading task
[AssetsManager] Reading manifest.json...
[SceneRouter] Applied /ui/styles/global.css
[SceneRouter] Applied /ui/styles/menu.css
[SceneRouter] Scene stylesheets now: [file:/C:/Users/theca/Documents/DAM/Proyecto/The-Binding-Of-Layla/target/classes/ui/styles/global.css, file:/C:/Users/theca/Documents/DAM/Proyecto/The-Binding-Of-Layla/target/classes/ui/styles/menu.css]
[AssetsManager] Shutting down executor
[SceneRouter] Scene set and displayed: ui/loading.fxml
[LoadingController] Task message: All assets loaded.
[LoadingController] Progress updated: 100%
[LoadingController] Assets loaded successfully
[AssetsManager] Executor already shut down
[SceneRouter] Attempting to load: ui/main_menu.fxml
[MainMenu] initialize()
[MainMenu] Custom font loaded successfully
[AssetsManager] Music stopped
[AssetsManager] Playing music: menu.mp3 (loop=true)
[SceneRouter] Applied /ui/styles/global.css
[SceneRouter] Applied /ui/styles/menu.css
[SceneRouter] Scene stylesheets now: [file:/C:/Users/theca/Documents/DAM/Proyecto/The-Binding-Of-Layla/target/classes/ui/styles/global.css, file:/C:/Users/theca/Documents/DAM/Proyecto/The-Binding-Of-Layla/target/classes/ui/styles/menu.css]
[SceneRouter] Scene set and displayed: ui/main_menu.fxml
[MainMenu] Background video setup complete
[MainMenu] Background video ready → play()
[MainMenu] Play clicked
[AssetsManager] Music stopped
[SceneRouter] Attempting to load (fade): ui/game.fxml
[SceneRouter] Applied /ui/styles/global.css
[SceneRouter] Applied /ui/styles/menu.css
[SceneRouter] Scene stylesheets now: [file:/C:/Users/theca/Documents/DAM/Proyecto/The-Binding-Of-Layla/target/classes/ui/styles/global.css, file:/C:/Users/theca/Documents/DAM/Proyecto/The-Binding-Of-Layla/target/classes/ui/styles/menu.css]
[SceneRouter] Scene set with fade: ui/game.fxml
[LoadingController] Transitioning to main menu
[SceneRouter] Attempting to load (fade): ui/main_menu.fxml
[MainMenu] initialize()
[MainMenu] Custom font loaded successfully
[AssetsManager] Playing music: menu.mp3 (loop=true)
[SceneRouter] Applied /ui/styles/global.css
[SceneRouter] Applied /ui/styles/menu.css
[SceneRouter] Scene stylesheets now: [file:/C:/Users/theca/Documents/DAM/Proyecto/The-Binding-Of-Layla/target/classes/ui/styles/global.css, file:/C:/Users/theca/Documents/DAM/Proyecto/The-Binding-Of-Layla/target/classes/ui/styles/menu.css]
[SceneRouter] Scene set with fade: ui/main_menu.fxml
[MainMenu] Background video setup complete
[MainMenu] Background video ready → play()
]]></system-out>
  </testcase>
  <testcase name="router_keep_size_vs_reset_size(FxRobot)" classname="com.layla.ui.SceneRouterSmokeTest" time="0.0">
    <skipped message="Pendiente: implementar resize real del Stage en goWithFade(...)"/>
  </testcase>
  <testcase name="resizing_does_not_break_basic_layout(FxRobot)" classname="com.layla.ui.SceneRouterSmokeTest" time="0.516">
    <system-out><![CDATA[[SceneRouter] Attempting to load: ui/loading.fxml
[LoadingController] Initializing loading screen
[LoadingController] Submitting load task to executor
[AssetsManager] Starting asset loading task
[AssetsManager] Reading manifest.json...
[SceneRouter] Applied /ui/styles/global.css
[SceneRouter] Applied /ui/styles/menu.css
[SceneRouter] Scene stylesheets now: [file:/C:/Users/theca/Documents/DAM/Proyecto/The-Binding-Of-Layla/target/classes/ui/styles/global.css, file:/C:/Users/theca/Documents/DAM/Proyecto/The-Binding-Of-Layla/target/classes/ui/styles/menu.css]
[AssetsManager] Shutting down executor
[SceneRouter] Scene set and displayed: ui/loading.fxml
[LoadingController] Task message: All assets loaded.
[LoadingController] Progress updated: 100%
[LoadingController] Assets loaded successfully
[AssetsManager] Executor already shut down
[SceneRouter] Attempting to load: ui/main_menu.fxml
[MainMenu] initialize()
[MainMenu] Custom font loaded successfully
[AssetsManager] Music stopped
[AssetsManager] Playing music: menu.mp3 (loop=true)
[SceneRouter] Applied /ui/styles/global.css
[SceneRouter] Applied /ui/styles/menu.css
[SceneRouter] Scene stylesheets now: [file:/C:/Users/theca/Documents/DAM/Proyecto/The-Binding-Of-Layla/target/classes/ui/styles/global.css, file:/C:/Users/theca/Documents/DAM/Proyecto/The-Binding-Of-Layla/target/classes/ui/styles/menu.css]
[SceneRouter] Scene set and displayed: ui/main_menu.fxml
[MainMenu] Background video setup complete
[MainMenu] Background video ready → play()
]]></system-out>
  </testcase>
  <testcase name="exit_overlay_opens_and_can_cancel_without_killing_tests(FxRobot)" classname="com.layla.ui.SceneRouterSmokeTest" time="1.494">
    <system-out><![CDATA[[SceneRouter] Attempting to load: ui/loading.fxml
[LoadingController] Initializing loading screen
[LoadingController] Submitting load task to executor
[AssetsManager] Starting asset loading task
[AssetsManager] Reading manifest.json...
[SceneRouter] Applied /ui/styles/global.css
[SceneRouter] Applied /ui/styles/menu.css
[SceneRouter] Scene stylesheets now: [file:/C:/Users/theca/Documents/DAM/Proyecto/The-Binding-Of-Layla/target/classes/ui/styles/global.css, file:/C:/Users/theca/Documents/DAM/Proyecto/The-Binding-Of-Layla/target/classes/ui/styles/menu.css]
[AssetsManager] Shutting down executor
[SceneRouter] Scene set and displayed: ui/loading.fxml
[LoadingController] Task message: All assets loaded.
[LoadingController] Progress updated: 100%
[LoadingController] Assets loaded successfully
[AssetsManager] Executor already shut down
[SceneRouter] Attempting to load: ui/main_menu.fxml
[MainMenu] initialize()
[MainMenu] Custom font loaded successfully
[AssetsManager] Music stopped
[AssetsManager] Playing music: menu.mp3 (loop=true)
[SceneRouter] Applied /ui/styles/global.css
[SceneRouter] Applied /ui/styles/menu.css
[SceneRouter] Scene stylesheets now: [file:/C:/Users/theca/Documents/DAM/Proyecto/The-Binding-Of-Layla/target/classes/ui/styles/global.css, file:/C:/Users/theca/Documents/DAM/Proyecto/The-Binding-Of-Layla/target/classes/ui/styles/menu.css]
[SceneRouter] Scene set and displayed: ui/main_menu.fxml
[MainMenu] Background video setup complete
[LoadingController] Transitioning to main menu
[SceneRouter] Attempting to load (fade): ui/main_menu.fxml
[MainMenu] initialize()
[MainMenu] Custom font loaded successfully
[AssetsManager] Music stopped
[AssetsManager] Playing music: menu.mp3 (loop=true)
[SceneRouter] Applied /ui/styles/global.css
[SceneRouter] Applied /ui/styles/menu.css
[SceneRouter] Scene stylesheets now: [file:/C:/Users/theca/Documents/DAM/Proyecto/The-Binding-Of-Layla/target/classes/ui/styles/global.css, file:/C:/Users/theca/Documents/DAM/Proyecto/The-Binding-Of-Layla/target/classes/ui/styles/menu.css]
[SceneRouter] Scene set with fade: ui/main_menu.fxml
[MainMenu] Background video setup complete
[MainMenu] Background video setup complete
[MainMenu] Background video ready → play()
[MainMenu] Background video setup complete
[LoadingController] Transitioning to main menu
[SceneRouter] Attempting to load (fade): ui/main_menu.fxml
[MainMenu] initialize()
[MainMenu] Custom font loaded successfully
[AssetsManager] Music stopped
[AssetsManager] Playing music: menu.mp3 (loop=true)
[SceneRouter] Applied /ui/styles/global.css
[SceneRouter] Applied /ui/styles/menu.css
[SceneRouter] Scene stylesheets now: [file:/C:/Users/theca/Documents/DAM/Proyecto/The-Binding-Of-Layla/target/classes/ui/styles/global.css, file:/C:/Users/theca/Documents/DAM/Proyecto/The-Binding-Of-Layla/target/classes/ui/styles/menu.css]
[SceneRouter] Scene set with fade: ui/main_menu.fxml
[MainMenu] Background video ready → play()
[MainMenu] Background video setup complete
[MainMenu] Background video setup complete
[MainMenu] Background video ready → play()
]]></system-out>
    <system-err><![CDATA[[MainMenu] MediaPlayer ERROR: [com.sun.media.jfxmediaimpl.platform.gstreamer.GSTMediaPlayer@43b1decc] ERROR_MEDIA_INVALID: ERROR_MEDIA_INVALID
[MainMenu] MediaPlayer ERROR: [com.sun.media.jfxmediaimpl.platform.gstreamer.GSTMediaPlayer@5eed53f] ERROR_MEDIA_INVALID: ERROR_MEDIA_INVALID
[MainMenu] MediaPlayer ERROR: [com.sun.media.jfxmediaimpl.platform.gstreamer.GSTMediaPlayer@2a0a0be0] ERROR_MEDIA_INVALID: ERROR_MEDIA_INVALID
]]></system-err>
  </testcase>
</testsuite>