<?xml version="1.0" encoding="UTF-8"?>
<testsuite xmlns:xsi="http://www.w3.org/2001/XMLSchema-instance" xsi:noNamespaceSchemaLocation="https://maven.apache.org/surefire/maven-surefire-plugin/xsd/surefire-test-report-3.0.xsd" version="3.0" name="com.layla.ui.SceneRouterSmokeTest" time="22.134" tests="6" errors="0" skipped="0" failures="1">
  <properties>
[...]
</properties>
  <testcase name="mainMenu_loads_buttons_visible_and_styles(FxRobot)" classname="com.layla.ui.SceneRouterSmokeTest" time="2.404">
    <system-out><![CDATA[[SceneRouter] Attempting to load: ui/loading.fxml
[LoadingController] Initializing loading screen
[LoadingController] Submitting load task to executor
[AssetsManager] Starting asset loading task
[AssetsManager] Reading manifest.json...
[AssetsManager] Cached image: assets/images/hearts.png
[AssetsManager] Cached sound: assets/sounds/game_start.wav
[SceneRouter] Applied /ui/styles/global.css
[SceneRouter] Scene stylesheets now: [file:/C:/Users/theca/Documents/DAM/Proyecto/The-Binding-Of-Layla/target/classes/ui/styles/global.css]
[AssetsManager] Shutting down executor
[SceneRouter] Scene set and displayed: ui/loading.fxml
[LoadingController] Task message: All assets loaded.
[LoadingController] Progress updated: 100%
[LoadingController] Assets loaded successfully
[AssetsManager] Executor already shut down
[SceneRouter] Attempting to load: ui/main_menu.fxml
[MainMenu] initialize()
[MainMenu] Custom font loaded successfully
[AssetsManager] Playing music: menu.mp3 (loop=true)
[SceneRouter] Applied /ui/styles/global.css
[SceneRouter] Applied /ui/styles/menu.css
[SceneRouter] Scene stylesheets now: [file:/C:/Users/theca/Documents/DAM/Proyecto/The-Binding-Of-Layla/target/classes/ui/styles/global.css, file:/C:/Users/theca/Documents/DAM/Proyecto/The-Binding-Of-Layla/target/classes/ui/styles/menu.css]
[SceneRouter] Scene set and displayed: ui/main_menu.fxml
[LoadingController] Transitioning to main menu
[SceneRouter] Attempting to load (fade): ui/main_menu.fxml
[MainMenu] initialize()
[MainMenu] Custom font loaded successfully
[AssetsManager] Music stopped
[AssetsManager] Playing music: menu.mp3 (loop=true)
[SceneRouter] Applied /ui/styles/global.css
[SceneRouter] Applied /ui/styles/menu.css
[SceneRouter] Scene stylesheets now: [file:/C:/Users/theca/Documents/DAM/Proyecto/The-Binding-Of-Layla/target/classes/ui/styles/global.css, file:/C:/Users/theca/Documents/DAM/Proyecto/The-Binding-Of-Layla/target/classes/ui/styles/menu.css]
[SceneRouter] Scene set with fade: ui/main_menu.fxml
[MainMenu] Background video setup complete
[MainMenu] Background video setup complete
[MainMenu] Background video ready → play()
[MainMenu] Background video ready → play()
]]></system-out>
    <system-err><![CDATA[Nov 03, 2025 3:37:19 PM com.sun.javafx.application.PlatformImpl startup
WARNING: Unsupported JavaFX configuration: classes were loaded from 'unnamed module @32eebfca'
]]></system-err>
  </testcase>
  <testcase name="options_overlay_opens_and_closes(FxRobot)" classname="com.layla.ui.SceneRouterSmokeTest" time="1.513">
    <system-out><![CDATA[[SceneRouter] Attempting to load: ui/loading.fxml
[LoadingController] Initializing loading screen
[LoadingController] Submitting load task to executor
[AssetsManager] Starting asset loading task
[AssetsManager] Reading manifest.json...
[SceneRouter] Applied /ui/styles/global.css
[SceneRouter] Scene stylesheets now: [file:/C:/Users/theca/Documents/DAM/Proyecto/The-Binding-Of-Layla/target/classes/ui/styles/global.css]
[AssetsManager] Shutting down executor
[SceneRouter] Scene set and displayed: ui/loading.fxml
[LoadingController] Task message: All assets loaded.
[LoadingController] Progress updated: 100%
[LoadingController] Assets loaded successfully
[AssetsManager] Executor already shut down
[SceneRouter] Attempting to load: ui/main_menu.fxml
[MainMenu] initialize()
[MainMenu] Custom font loaded successfully
[AssetsManager] Music stopped
[AssetsManager] Playing music: menu.mp3 (loop=true)
[SceneRouter] Applied /ui/styles/global.css
[SceneRouter] Applied /ui/styles/menu.css
[SceneRouter] Scene stylesheets now: [file:/C:/Users/theca/Documents/DAM/Proyecto/The-Binding-Of-Layla/target/classes/ui/styles/global.css, file:/C:/Users/theca/Documents/DAM/Proyecto/The-Binding-Of-Layla/target/classes/ui/styles/menu.css]
[SceneRouter] Scene set and displayed: ui/main_menu.fxml
[MainMenu] Background video setup complete
[MainMenu] Background video setup complete
[LoadingController] Transitioning to main menu
[SceneRouter] Attempting to load (fade): ui/main_menu.fxml
[MainMenu] initialize()
[MainMenu] Custom font loaded successfully
[AssetsManager] Music stopped
[AssetsManager] Playing music: menu.mp3 (loop=true)
[SceneRouter] Applied /ui/styles/global.css
[SceneRouter] Applied /ui/styles/menu.css
[SceneRouter] Scene stylesheets now: [file:/C:/Users/theca/Documents/DAM/Proyecto/The-Binding-Of-Layla/target/classes/ui/styles/global.css, file:/C:/Users/theca/Documents/DAM/Proyecto/The-Binding-Of-Layla/target/classes/ui/styles/menu.css]
[SceneRouter] Scene set with fade: ui/main_menu.fxml
[MainMenu] Background video setup complete
[MainMenu] Background video ready → play()
]]></system-out>
    <system-err><![CDATA[[MainMenu] MediaPlayer ERROR: [com.sun.media.jfxmediaimpl.platform.gstreamer.GSTMediaPlayer@1f3db23b] ERROR_MEDIA_INVALID: ERROR_MEDIA_INVALID
[MainMenu] MediaPlayer ERROR: [com.sun.media.jfxmediaimpl.platform.gstreamer.GSTMediaPlayer@cec053b] ERROR_MEDIA_INVALID: ERROR_MEDIA_INVALID
]]></system-err>
  </testcase>
  <testcase name="play_navigates_to_game_hud_and_intro_title_optional(FxRobot)" classname="com.layla.ui.SceneRouterSmokeTest" time="2.145">
    <system-out><![CDATA[[SceneRouter] Attempting to load: ui/loading.fxml
[LoadingController] Initializing loading screen
[LoadingController] Submitting load task to executor
[AssetsManager] Starting asset loading task
[AssetsManager] Reading manifest.json...
[SceneRouter] Applied /ui/styles/global.css
[SceneRouter] Scene stylesheets now: [file:/C:/Users/theca/Documents/DAM/Proyecto/The-Binding-Of-Layla/target/classes/ui/styles/global.css]
[AssetsManager] Shutting down executor
[SceneRouter] Scene set and displayed: ui/loading.fxml
[LoadingController] Task message: All assets loaded.
[LoadingController] Progress updated: 100%
[LoadingController] Assets loaded successfully
[AssetsManager] Executor already shut down
[SceneRouter] Attempting to load: ui/main_menu.fxml
[MainMenu] initialize()
[MainMenu] Custom font loaded successfully
[AssetsManager] Music stopped
[AssetsManager] Playing music: menu.mp3 (loop=true)
[SceneRouter] Applied /ui/styles/global.css
[SceneRouter] Applied /ui/styles/menu.css
[SceneRouter] Scene stylesheets now: [file:/C:/Users/theca/Documents/DAM/Proyecto/The-Binding-Of-Layla/target/classes/ui/styles/global.css, file:/C:/Users/theca/Documents/DAM/Proyecto/The-Binding-Of-Layla/target/classes/ui/styles/menu.css]
[SceneRouter] Scene set and displayed: ui/main_menu.fxml
[MainMenu] Background video setup complete
[MainMenu] Background video ready → play()
[LoadingController] Transitioning to main menu
[SceneRouter] Attempting to load (fade): ui/main_menu.fxml
[MainMenu] initialize()
[MainMenu] Custom font loaded successfully
[AssetsManager] Music stopped
[AssetsManager] Playing music: menu.mp3 (loop=true)
[SceneRouter] Applied /ui/styles/global.css
[SceneRouter] Applied /ui/styles/menu.css
[SceneRouter] Scene stylesheets now: [file:/C:/Users/theca/Documents/DAM/Proyecto/The-Binding-Of-Layla/target/classes/ui/styles/global.css, file:/C:/Users/theca/Documents/DAM/Proyecto/The-Binding-Of-Layla/target/classes/ui/styles/menu.css]
[SceneRouter] Scene set with fade: ui/main_menu.fxml
[MainMenu] Background video setup complete
[MainMenu] Play clicked
[AssetsManager] Music stopped
[SceneRouter] Attempting to load (fade): ui/game.fxml
[GameController] initialize()
[SceneRouter] Applied /ui/styles/global.css
[SceneRouter] Scene stylesheets now: [file:/C:/Users/theca/Documents/DAM/Proyecto/The-Binding-Of-Layla/target/classes/ui/styles/global.css]
[SceneRouter] Scene set with fade: ui/game.fxml
[GameController] onEnter()
[TEST] Intro textual visible: Basement I
[AssetsManager] SFX volume set to 1.0
[AssetsManager] Playing SFX (AudioClip): game_start.wav @ vol=1.0
[GameController] Focus requested for gameArea
[MainMenu] Background video setup complete
]]></system-out>
    <system-err><![CDATA[[MainMenu] MediaPlayer ERROR: [com.sun.media.jfxmediaimpl.platform.gstreamer.GSTMediaPlayer@2b5a4e5b] ERROR_MEDIA_INVALID: ERROR_MEDIA_INVALID
]]></system-err>
  </testcase>
  <testcase name="pause_overlay_resume_and_back_to_menu(FxRobot)" classname="com.layla.ui.SceneRouterSmokeTest" time="12.26">
    <failure message="Timeout esperando nodo: #healthLabel" type="org.opentest4j.AssertionFailedError"><![CDATA[org.opentest4j.AssertionFailedError: Timeout esperando nodo: #healthLabel
	at org.junit.jupiter.api.AssertionUtils.fail(AssertionUtils.java:42)
	at org.junit.jupiter.api.Assertions.fail(Assertions.java:150)
	at com.layla.ui.SceneRouterSmokeTest.waitForNode(SceneRouterSmokeTest.java:65)
	at com.layla.ui.SceneRouterSmokeTest.pause_overlay_resume_and_back_to_menu(SceneRouterSmokeTest.java:234)
	at java.base/java.lang.reflect.Method.invoke(Method.java:580)
	at java.base/java.util.ArrayList.forEach(ArrayList.java:1596)
	at java.base/java.util.ArrayList.forEach(ArrayList.java:1596)
Caused by: java.util.concurrent.TimeoutException
	at org.testfx.util.WaitForAsyncUtils.waitFor(WaitForAsyncUtils.java:325)
	at com.layla.ui.SceneRouterSmokeTest.waitForNode(SceneRouterSmokeTest.java:62)
	... 4 more
]]></failure>
    <system-out><![CDATA[[SceneRouter] Attempting to load: ui/loading.fxml
[LoadingController] Initializing loading screen
[LoadingController] Submitting load task to executor
[GameController] onExit()
[AssetsManager] Starting asset loading task
[AssetsManager] Reading manifest.json...
[SceneRouter] Applied /ui/styles/global.css
[SceneRouter] Scene stylesheets now: [file:/C:/Users/theca/Documents/DAM/Proyecto/The-Binding-Of-Layla/target/classes/ui/styles/global.css]
[AssetsManager] Shutting down executor
[SceneRouter] Scene set and displayed: ui/loading.fxml
[LoadingController] Task message: All assets loaded.
[LoadingController] Progress updated: 100%
[LoadingController] Assets loaded successfully
[AssetsManager] Executor already shut down
[SceneRouter] Attempting to load: ui/main_menu.fxml
[MainMenu] initialize()
[MainMenu] Custom font loaded successfully
[AssetsManager] Playing music: menu.mp3 (loop=true)
[SceneRouter] Applied /ui/styles/global.css
[SceneRouter] Applied /ui/styles/menu.css
[SceneRouter] Scene stylesheets now: [file:/C:/Users/theca/Documents/DAM/Proyecto/The-Binding-Of-Layla/target/classes/ui/styles/global.css, file:/C:/Users/theca/Documents/DAM/Proyecto/The-Binding-Of-Layla/target/classes/ui/styles/menu.css]
[SceneRouter] Scene set and displayed: ui/main_menu.fxml
[MainMenu] Background video ready → play()
[MainMenu] Background video setup complete
[MainMenu] Play clicked
[AssetsManager] Music stopped
[SceneRouter] Attempting to load (fade): ui/game.fxml
[GameController] initialize()
[SceneRouter] Applied /ui/styles/global.css
[SceneRouter] Scene stylesheets now: [file:/C:/Users/theca/Documents/DAM/Proyecto/The-Binding-Of-Layla/target/classes/ui/styles/global.css]
[SceneRouter] Scene set with fade: ui/game.fxml
[LoadingController] Transitioning to main menu
[SceneRouter] Attempting to load (fade): ui/main_menu.fxml
[MainMenu] initialize()
[MainMenu] Custom font loaded successfully
[AssetsManager] Playing music: menu.mp3 (loop=true)
[SceneRouter] Applied /ui/styles/global.css
[SceneRouter] Applied /ui/styles/menu.css
[SceneRouter] Scene stylesheets now: [file:/C:/Users/theca/Documents/DAM/Proyecto/The-Binding-Of-Layla/target/classes/ui/styles/global.css, file:/C:/Users/theca/Documents/DAM/Proyecto/The-Binding-Of-Layla/target/classes/ui/styles/menu.css]
[SceneRouter] Scene set with fade: ui/main_menu.fxml
[MainMenu] Background video setup complete
[GameController] onEnter()
[AssetsManager] SFX volume set to 1.0
[AssetsManager] Playing SFX (AudioClip): game_start.wav @ vol=1.0
[GameController] Focus requested for gameArea
[MainMenu] Background video ready → play()
[GameController] Starting floor music: basement1.mp3
[AssetsManager] Music stopped
[AssetsManager] Playing music: basement1.mp3 (loop=true)
[GameController] Starting floor music: basement2.mp3
[AssetsManager] Music stopped
[AssetsManager] Playing music: basement2.mp3 (loop=true)
]]></system-out>
  </testcase>
  <testcase name="resizing_does_not_break_basic_layout(FxRobot)" classname="com.layla.ui.SceneRouterSmokeTest" time="0.882">
    <system-out><![CDATA[[SceneRouter] Attempting to load: ui/loading.fxml
[LoadingController] Initializing loading screen
[LoadingController] Submitting load task to executor
[AssetsManager] Starting asset loading task
[AssetsManager] Reading manifest.json...
[SceneRouter] Applied /ui/styles/global.css
[SceneRouter] Scene stylesheets now: [file:/C:/Users/theca/Documents/DAM/Proyecto/The-Binding-Of-Layla/target/classes/ui/styles/global.css]
[AssetsManager] Shutting down executor
[SceneRouter] Scene set and displayed: ui/loading.fxml
[LoadingController] Task message: All assets loaded.
[LoadingController] Progress updated: 100%
[LoadingController] Assets loaded successfully
[AssetsManager] Executor already shut down
[SceneRouter] Attempting to load: ui/main_menu.fxml
[MainMenu] initialize()
[MainMenu] Custom font loaded successfully
[AssetsManager] Music stopped
[AssetsManager] Playing music: menu.mp3 (loop=true)
[SceneRouter] Applied /ui/styles/global.css
[SceneRouter] Applied /ui/styles/menu.css
[SceneRouter] Scene stylesheets now: [file:/C:/Users/theca/Documents/DAM/Proyecto/The-Binding-Of-Layla/target/classes/ui/styles/global.css, file:/C:/Users/theca/Documents/DAM/Proyecto/The-Binding-Of-Layla/target/classes/ui/styles/menu.css]
[SceneRouter] Scene set and displayed: ui/main_menu.fxml
[MainMenu] Background video setup complete
[MainMenu] Background video ready → play()
[LoadingController] Transitioning to main menu
[SceneRouter] Attempting to load (fade): ui/main_menu.fxml
[MainMenu] initialize()
[MainMenu] Custom font loaded successfully
[AssetsManager] Music stopped
[AssetsManager] Playing music: menu.mp3 (loop=true)
[SceneRouter] Applied /ui/styles/global.css
[SceneRouter] Applied /ui/styles/menu.css
[SceneRouter] Scene stylesheets now: [file:/C:/Users/theca/Documents/DAM/Proyecto/The-Binding-Of-Layla/target/classes/ui/styles/global.css, file:/C:/Users/theca/Documents/DAM/Proyecto/The-Binding-Of-Layla/target/classes/ui/styles/menu.css]
[SceneRouter] Scene set with fade: ui/main_menu.fxml
]]></system-out>
  </testcase>
  <testcase name="exit_overlay_opens_and_can_cancel_without_killing_tests(FxRobot)" classname="com.layla.ui.SceneRouterSmokeTest" time="2.831">
    <system-out><![CDATA[[SceneRouter] Attempting to load: ui/loading.fxml
[LoadingController] Initializing loading screen
[LoadingController] Submitting load task to executor
[AssetsManager] Starting asset loading task
[AssetsManager] Reading manifest.json...
[SceneRouter] Applied /ui/styles/global.css
[SceneRouter] Scene stylesheets now: [file:/C:/Users/theca/Documents/DAM/Proyecto/The-Binding-Of-Layla/target/classes/ui/styles/global.css]
[AssetsManager] Shutting down executor
[SceneRouter] Scene set and displayed: ui/loading.fxml
[MainMenu] Background video setup complete
[LoadingController] Task message: All assets loaded.
[LoadingController] Progress updated: 100%
[LoadingController] Assets loaded successfully
[AssetsManager] Executor already shut down
[SceneRouter] Attempting to load: ui/main_menu.fxml
[MainMenu] initialize()
[MainMenu] Custom font loaded successfully
[AssetsManager] Music stopped
[AssetsManager] Playing music: menu.mp3 (loop=true)
[SceneRouter] Applied /ui/styles/global.css
[SceneRouter] Applied /ui/styles/menu.css
[SceneRouter] Scene stylesheets now: [file:/C:/Users/theca/Documents/DAM/Proyecto/The-Binding-Of-Layla/target/classes/ui/styles/global.css, file:/C:/Users/theca/Documents/DAM/Proyecto/The-Binding-Of-Layla/target/classes/ui/styles/menu.css]
[SceneRouter] Scene set and displayed: ui/main_menu.fxml
[MainMenu] Background video setup complete
[LoadingController] Transitioning to main menu
[SceneRouter] Attempting to load (fade): ui/main_menu.fxml
[MainMenu] initialize()
[MainMenu] Custom font loaded successfully
[AssetsManager] Music stopped
[AssetsManager] Playing music: menu.mp3 (loop=true)
[SceneRouter] Applied /ui/styles/global.css
[SceneRouter] Applied /ui/styles/menu.css
[SceneRouter] Scene stylesheets now: [file:/C:/Users/theca/Documents/DAM/Proyecto/The-Binding-Of-Layla/target/classes/ui/styles/global.css, file:/C:/Users/theca/Documents/DAM/Proyecto/The-Binding-Of-Layla/target/classes/ui/styles/menu.css]
[SceneRouter] Scene set with fade: ui/main_menu.fxml
[MainMenu] Background video setup complete
[MainMenu] Background video ready → play()
[MainMenu] Background video setup complete
]]></system-out>
    <system-err><![CDATA[[MainMenu] MediaPlayer ERROR: [com.sun.media.jfxmediaimpl.platform.gstreamer.GSTMediaPlayer@22e20345] ERROR_MEDIA_INVALID: ERROR_MEDIA_INVALID
]]></system-err>
  </testcase>
</testsuite>